Arguments: 
  C:\Program Files\nodejs\node.exe C:\Users\NPC254\AppData\Roaming\npm\node_modules\yarn\bin\yarn.js link

PATH: 
  C:\Windows\system32;C:\Windows;C:\Windows\System32\Wbem;C:\Windows\System32\WindowsPowerShell\v1.0\;C:\Windows\System32\OpenSSH\;C:\Program Files\nodejs\;C:\Program Files\Git\cmd;C:\Users\NPC254\AppData\Local\Microsoft\WindowsApps;C:\Users\NPC254\AppData\Roaming\npm;C:\Users\NPC254\AppData\Local\Programs\Microsoft VS Code\bin

Yarn version: 
  1.22.19

Node version: 
  16.15.1

Platform: 
  win32 x64

Trace: 
  Error: ENOENT: no such file or directory, stat 'C:\Users\NPC254\AppData\Local\Yarn\Data\link\bin-demo\bin\q-cli.js'

npm manifest: 
  {
    "name": "bin-demo",
    "version": "1.0.0",
    "main": "index.js",
    "license": "MIT",
    "bin": {
      "q-cli": "./bin/q-cli.js"  
    }
  }

yarn manifest: 
  No manifest

Lockfile: 
  No lockfile
